


PGF90 (Version     13.5)          07/18/2014  14:45:29      page 1

Switches: -noasm -nodclchk -debug -nodlines -line -list
          -idir /usr/mpi/pgi/mvapich2-1.7-qlc/include
          -idir /usr/mpi/pgi/mvapich2-1.7-qlc/include
          -inform severe -opt 2 -nosave -object -noonetrip
          -depchk on -nostandard     
          -symbol -noupcase    

Filename: accelerate.f90

(    1) !Crown Copyright 2012 AWE.
(    2) !
(    3) ! This file is part of CloverLeaf.
(    4) !
(    5) ! CloverLeaf is free software: you can redistribute it and/or modify it under 
(    6) ! the terms of the GNU General Public License as published by the 
(    7) ! Free Software Foundation, either version 3 of the License, or (at your option) 
(    8) ! any later version.
(    9) !
(   10) ! CloverLeaf is distributed in the hope that it will be useful, but 
(   11) ! WITHOUT ANY WARRANTY; without even the implied warranty of MERCHANTABILITY or 
(   12) ! FITNESS FOR A PARTICULAR PURPOSE. See the GNU General Public License for more 
(   13) ! details.
(   14) !
(   15) ! You should have received a copy of the GNU General Public License along with 
(   16) ! CloverLeaf. If not, see http://www.gnu.org/licenses/.
(   17) 
(   18) !>  @brief Driver for the acceleration kernels
(   19) !>  @author Wayne Gaudin
(   20) !>  @details Calls user requested kernel
(   21) 
(   22) MODULE accelerate_module
(   23) 
(   24) CONTAINS
(   25) 
(   26) SUBROUTINE accelerate()
(   27) 
(   28)   USE clover_module
(   29)   USE accelerate_kernel_module
(   30) 
(   31)   IMPLICIT NONE
(   32) 
(   33)   INTEGER :: c
(   34) 
(   35)   REAL(KIND=8) :: kernel_time,timer
(   36) 
(   37)   IF(profiler_on) kernel_time=timer()
(   38)   DO c=1,chunks_per_task
(   39) 
(   40)     IF(chunks(c)%task.EQ.parallel%task) THEN
(   41) 
(   42)       IF(use_fortran_kernels) THEN
(   43)         CALL accelerate_kernel( chunks(c)%field%x_min,               &
(   44)                              chunks(c)%field%x_max,                  &
(   45)                              chunks(c)%field%y_min,                  &
(   46)                              chunks(c)%field%y_max,                  &
(   47)                              chunks(c)%field%z_min,                  &
(   48)                              chunks(c)%field%z_max,                  &
(   49)                              dt,                                     &
(   50)                              chunks(c)%field%xarea,                  &






PGF90 (Version     13.5)          07/18/2014  14:45:29      page 2

(   51)                              chunks(c)%field%yarea,                  &
(   52)                              chunks(c)%field%zarea,                  &
(   53)                              chunks(c)%field%volume,                 &
(   54)                              chunks(c)%field%density0,               &
(   55)                              chunks(c)%field%pressure,               &
(   56)                              chunks(c)%field%viscosity,              &
(   57)                              chunks(c)%field%xvel0,                  &
(   58)                              chunks(c)%field%yvel0,                  &
(   59)                              chunks(c)%field%zvel0,                  &
(   60)                              chunks(c)%field%xvel1,                  &
(   61)                              chunks(c)%field%yvel1,                  &
(   62)                              chunks(c)%field%zvel1,                  &
(   63)                              chunks(c)%field%work_array1             )
(   64)       ELSEIF(use_opencl_kernels)THEN
(   65) 	CALL accelerate_kernel_ocl(dt)
(   66) 
(   67)       ELSEIF(use_C_kernels)THEN
(   68)         CALL accelerate_kernel_c(chunks(c)%field%x_min,              &
(   69)                              chunks(c)%field%x_max,                  &
(   70)                              chunks(c)%field%y_min,                  &
(   71)                              chunks(c)%field%y_max,                  &
(   72)                              dt,                                     &
(   73)                              chunks(c)%field%xarea,                  &
(   74)                              chunks(c)%field%yarea,                  &
(   75)                              chunks(c)%field%volume,                 &
(   76)                              chunks(c)%field%density0,               &
(   77)                              chunks(c)%field%pressure,               &
(   78)                              chunks(c)%field%viscosity,              &
(   79)                              chunks(c)%field%xvel0,                  &
(   80)                              chunks(c)%field%yvel0,                  &
(   81)                              chunks(c)%field%zvel0,                  &
(   82)                              chunks(c)%field%xvel1,                  &
(   83)                              chunks(c)%field%yvel1,                  &
(   84)                              chunks(c)%field%zvel1,                  &
(   85)                              chunks(c)%field%work_array1             )
(   86)       ENDIF
(   87) 
(   88)     ENDIF
(   89) 
(   90)   ENDDO
(   91)   IF(profiler_on) profiler%acceleration=profiler%acceleration+(timer()-kernel_time)
(   92) 
(   93) END SUBROUTINE accelerate
(   94) 
(   95) END MODULE accelerate_module
