 
Clover Version    1.100
       MPI Version
    OpenMP Version
   Task Count      1
 Thread Count:     8
 
 Clover will run from the following input:-
 
*clover                                                                                                                                               
 state 1 density=0.125 energy=2.0                                                                                                                     
 state 2 density=1.0 energy=2.5 geometry=cuboid xmin=0.0 xmax=50.0 ymin=0.0 ymax=4.0 zmin=0.0 zmax=4.0                                                
 xmin=0.0                                                                                                                                             
 ymin=0.0                                                                                                                                             
 zmin=0.0                                                                                                                                             
 xmax=100.0                                                                                                                                           
 ymax=4.0                                                                                                                                             
 zmax=4.0                                                                                                                                             
 initial_timestep=0.1                                                                                                                                 
 timestep_rise=1.5                                                                                                                                    
 max_timestep=0.1                                                                                                                                     
 !test_problem 1                                                                                                                                      
 !visit_frequency 1                                                                                                                                   
 summary_frequency 10                                                                                                                                 
                                                                                                                                                      
 x_cells=60                                                                                                                                           
 y_cells=60                                                                                                                                           
 z_cells=60                                                                                                                                           
 end_time=100.0                                                                                                                                       
 end_step=50                                                                                                                                          
                                                                                                                                                      
 !step:      0  0.16000000E+04  0.90000000E+03  0.56250000E+00  0.55000000E+00  0.22000000E+04  0.00000000E+00  0.22000000E+04                        
 use_opencl_kernels                                                                                                                                   
 opencl_vendor=Nvidia                                                                                                                                 
 opencl_type=GPU                                                                                                                                      
 !NO_KERNEL_REDUCTIONS                                                                                                                                
 profiler_on=1                                                                                                                                        
                                                                                                                                                      
*endclover                                                                                                                                            
 
 Initialising and generating
 
 Reading input file
 
 Reading specification for state            1
 
            state density   0.1250E+00
             state energy   0.2000E+01
 
 Reading specification for state            2
 
            state density   0.1000E+01
             state energy   0.2500E+01
      state geometry cuboid
               state xmin   0.0000E+00
               state xmax   0.5000E+02
               state ymin   0.0000E+00
               state ymax   0.4000E+01
               state zmin   0.0000E+00
               state zmax   0.4000E+01
 
                      xmin  0.0000E+00
                      ymin  0.0000E+00
                      zmin  0.0000E+00
                      xmax  0.1000E+03
                      ymax  0.4000E+01
                      zmax  0.4000E+01
         initial_timestep   0.1000E+00
             timestep_rise  0.1500E+01
              max_timestep  0.1000E+00
         summary_frequency          10
                   x_cells          60
                   y_cells          60
                   z_cells          60
                  end_time  0.1000E+03
                  end_step          50
               Profiler on
 
      Using OpenCL Kernels
 
 Input read finished.
 
 Setting up initial geometry
 
 
 Decomposing the mesh into            1  by            1  by            1  chunk
 s
 
 Generating chunks
 
 Problem initialised and generated
 
 Time   0.000000000000000E+000
                       Volume            Mass         Density        Pressure Internal Energy  Kinetic Energy    Total Energy
 step:      0  0.26666667E+02  0.33333333E+01  0.12500000E+00  0.10000000E+00  0.66666667E+01  0.00000000E+00  0.66666667E+01
 step:      0  0.16000000E+04  0.90000000E+03  0.56250000E+00  0.55000001E+00  0.22000000E+04  0.00000000E+00  0.22000000E+04
 
 Starting the calculation
 Step       1 time   0.0000000 control    sound    timestep   0.00E+00       1,       1 x  5.00E-02 y  5.00E-02
 
 Error from timestep:
 small timestep
 
 CLOVER is terminating.
 
