


PGF90 (Version     13.5)          07/18/2014  14:45:10      page 1

Switches: -noasm -nodclchk -debug -nodlines -line -list
          -idir /usr/mpi/pgi/mvapich2-1.7-qlc/include
          -idir /usr/mpi/pgi/mvapich2-1.7-qlc/include
          -inform severe -opt 2 -nosave -object -noonetrip
          -depchk on -nostandard     
          -symbol -noupcase    

Filename: data.f90

(    1) !Crown Copyright 2012 AWE.
(    2) !
(    3) ! This file is part of CloverLeaf.
(    4) !
(    5) ! CloverLeaf is free software: you can redistribute it and/or modify it under 
(    6) ! the terms of the GNU General Public License as published by the 
(    7) ! Free Software Foundation, either version 3 of the License, or (at your option) 
(    8) ! any later version.
(    9) !
(   10) ! CloverLeaf is distributed in the hope that it will be useful, but 
(   11) ! WITHOUT ANY WARRANTY; without even the implied warranty of MERCHANTABILITY or 
(   12) ! FITNESS FOR A PARTICULAR PURPOSE. See the GNU General Public License for more 
(   13) ! details.
(   14) !
(   15) ! You should have received a copy of the GNU General Public License along with 
(   16) ! CloverLeaf. If not, see http://www.gnu.org/licenses/.
(   17) 
(   18) !>  @brief Holds parameters definitions
(   19) !>  @author Wayne Gaudin
(   20) !>  @details Parameters used in the CloverLeaf are defined here.
(   21) 
(   22) MODULE data_module
(   23) 
(   24)    IMPLICIT NONE
(   25) 
(   26)    REAL(KIND=8), PARAMETER :: g_version=1.1
(   27) 
(   28)    INTEGER,      PARAMETER :: g_ibig=640000
(   29) 
(   30)    REAL(KIND=8), PARAMETER :: g_small=1.0e-16  &
(   31)                              ,g_big  =1.0e+21
(   32) 
(   33)    INTEGER,      PARAMETER :: g_name_len_max=255 &
(   34)                              ,g_xdir=1           &
(   35)                              ,g_ydir=2           &
(   36)                              ,g_zdir=3
(   37) 
(   38)    ! These two need to be kept consistent with update_halo
(   39)    INTEGER,      PARAMETER :: CHUNK_LEFT   =1    &
(   40)                              ,CHUNK_RIGHT  =2    &
(   41)                              ,CHUNK_BOTTOM =3    &
(   42)                              ,CHUNK_TOP    =4    &
(   43)                              ,CHUNK_BACK   =5    &
(   44)                              ,CHUNK_FRONT  =6    &
(   45)                              ,EXTERNAL_FACE=-1
(   46) 
(   47)    INTEGER,         PARAMETER :: FIELD_DENSITY0   = 1         &
(   48)                                 ,FIELD_DENSITY1   = 2         &
(   49)                                 ,FIELD_ENERGY0    = 3         &
(   50)                                 ,FIELD_ENERGY1    = 4         &






PGF90 (Version     13.5)          07/18/2014  14:45:10      page 2

(   51)                                 ,FIELD_PRESSURE   = 5         &
(   52)                                 ,FIELD_VISCOSITY  = 6         &
(   53)                                 ,FIELD_SOUNDSPEED = 7         &
(   54)                                 ,FIELD_XVEL0      = 8         &
(   55)                                 ,FIELD_XVEL1      = 9         &
(   56)                                 ,FIELD_YVEL0      =10         &
(   57)                                 ,FIELD_YVEL1      =11         &
(   58)                                 ,FIELD_ZVEL0      =12         &
(   59)                                 ,FIELD_ZVEL1      =13         &
(   60)                                 ,FIELD_VOL_FLUX_X =14         &
(   61)                                 ,FIELD_VOL_FLUX_Y =15         &
(   62)                                 ,FIELD_VOL_FLUX_Z =16         &
(   63)                                 ,FIELD_MASS_FLUX_X=17         &
(   64)                                 ,FIELD_MASS_FLUX_Y=18         &
(   65)                                 ,FIELD_MASS_FLUX_Z=19         &
(   66)                                 ,NUM_FIELDS       =19
(   67) 
(   68)    INTEGER,         PARAMETER :: CELL_DATA     = 1,        &
(   69)                                  VERTEX_DATA   = 2,        &
(   70)                                  X_FACE_DATA   = 3,        &
(   71)                                  Y_FACE_DATA   = 4,        &
(   72)                                  Z_FACE_DATA   = 5
(   73) 
(   74) 
(   75)    ! Time step control constants
(   76)    INTEGER,        PARAMETER ::  SOUND = 1     &
(   77)                                 ,X_VEL = 2     &
(   78)                                 ,Y_VEL = 3     &
(   79)                                 ,Z_VEL = 4     &
(   80)                                 ,DIVERG= 5
(   81) 
(   82)    INTEGER,                      PARAMETER :: g_rect=1 &
(   83)                                 ,g_circ=2 &
(   84)                                 ,g_point=3
(   85) 
(   86) 
(   87)    INTEGER         ::            g_in           & ! File for input data.
(   88)                                 ,g_out
(   89) 
(   90) 
(   91)    TYPE parallel_type
(   92)       LOGICAL           ::      parallel &
(   93)                                ,boss
(   94)       INTEGER         ::        max_task &
(   95)                                ,task     &
(   96)                                ,boss_task
(   97) 
(   98)    END TYPE parallel_type
(   99)    
(  100)    TYPE(parallel_type) :: parallel
(  101)      
(  102)    INTEGER,        PARAMETER ::g_len_max=500
(  103) 
(  104)    INTEGER,        PARAMETER :: chunks_per_task = 1
(  105) 
(  106) END MODULE data_module
