


PGF90 (Version     13.5)          07/18/2014  14:45:30      page 1

Switches: -noasm -nodclchk -debug -nodlines -line -list
          -idir /usr/mpi/pgi/mvapich2-1.7-qlc/include
          -idir /usr/mpi/pgi/mvapich2-1.7-qlc/include
          -inform severe -opt 2 -nosave -object -noonetrip
          -depchk on -nostandard     
          -symbol -noupcase    

Filename: revert.f90

(    1) !Crown Copyright 2012 AWE.
(    2) !
(    3) ! This file is part of CloverLeaf.
(    4) !
(    5) ! CloverLeaf is free software: you can redistribute it and/or modify it under 
(    6) ! the terms of the GNU General Public License as published by the 
(    7) ! Free Software Foundation, either version 3 of the License, or (at your option) 
(    8) ! any later version.
(    9) !
(   10) ! CloverLeaf is distributed in the hope that it will be useful, but 
(   11) ! WITHOUT ANY WARRANTY; without even the implied warranty of MERCHANTABILITY or 
(   12) ! FITNESS FOR A PARTICULAR PURPOSE. See the GNU General Public License for more 
(   13) ! details.
(   14) !
(   15) ! You should have received a copy of the GNU General Public License along with 
(   16) ! CloverLeaf. If not, see http://www.gnu.org/licenses/.
(   17) 
(   18) !>  @brief Driver routine for the revert kernels.
(   19) !>  @author Wayne Gaudin
(   20) !>  @details Invokes the user specified revert kernel.
(   21) 
(   22) MODULE revert_module
(   23) 
(   24) CONTAINS
(   25) 
(   26) SUBROUTINE revert()
(   27) 
(   28)   USE clover_module
(   29)   USE revert_kernel_module
(   30) 
(   31)   IMPLICIT NONE
(   32) 
(   33)   INTEGER :: c
(   34) 
(   35)   DO c=1,chunks_per_task
(   36) 
(   37)     IF(chunks(c)%task.EQ.parallel%task) THEN
(   38) 
(   39)       IF(use_fortran_kernels)THEN
(   40)         CALL revert_kernel(chunks(c)%field%x_min,   &
(   41)                          chunks(c)%field%x_max,     &
(   42)                          chunks(c)%field%y_min,     &
(   43)                          chunks(c)%field%y_max,     &
(   44)                          chunks(c)%field%z_min,     &
(   45)                          chunks(c)%field%z_max,     &
(   46)                          chunks(c)%field%density0,  &
(   47)                          chunks(c)%field%density1,  &
(   48)                          chunks(c)%field%energy0,   &
(   49)                          chunks(c)%field%energy1    )
(   50)       ELSEIF(use_opencl_kernels)THEN






PGF90 (Version     13.5)          07/18/2014  14:45:30      page 2

(   51) 	CALL revert_kernel_ocl()
(   52)       ELSEIF(use_C_kernels)THEN
(   53)         CALL revert_kernel_c(chunks(c)%field%x_min, &
(   54)                          chunks(c)%field%x_max,     &
(   55)                          chunks(c)%field%y_min,     &
(   56)                          chunks(c)%field%y_max,     &
(   57)                          chunks(c)%field%z_min,     &
(   58)                          chunks(c)%field%z_max,     &
(   59)                          chunks(c)%field%density0,  &
(   60)                          chunks(c)%field%density1,  &
(   61)                          chunks(c)%field%energy0,   &
(   62)                          chunks(c)%field%energy1    )
(   63)       ENDIF
(   64) 
(   65)     ENDIF
(   66) 
(   67)   ENDDO
(   68) 
(   69) END SUBROUTINE revert
(   70) 
(   71) END MODULE revert_module
