


PGF90 (Version     13.5)          07/18/2014  14:45:30      page 1

Switches: -noasm -nodclchk -debug -nodlines -line -list
          -idir /usr/mpi/pgi/mvapich2-1.7-qlc/include
          -idir /usr/mpi/pgi/mvapich2-1.7-qlc/include
          -inform severe -opt 2 -nosave -object -noonetrip
          -depchk on -nostandard     
          -symbol -noupcase    

Filename: revert_kernel.f90

(    1) !Crown Copyright 2012 AWE.
(    2) !
(    3) ! This file is part of CloverLeaf.
(    4) !
(    5) ! CloverLeaf is free software: you can redistribute it and/or modify it under 
(    6) ! the terms of the GNU General Public License as published by the 
(    7) ! Free Software Foundation, either version 3 of the License, or (at your option) 
(    8) ! any later version.
(    9) !
(   10) ! CloverLeaf is distributed in the hope that it will be useful, but 
(   11) ! WITHOUT ANY WARRANTY; without even the implied warranty of MERCHANTABILITY or 
(   12) ! FITNESS FOR A PARTICULAR PURPOSE. See the GNU General Public License for more 
(   13) ! details.
(   14) !
(   15) ! You should have received a copy of the GNU General Public License along with 
(   16) ! CloverLeaf. If not, see http://www.gnu.org/licenses/.
(   17) 
(   18) !>  @brief Fortran revert kernel.
(   19) !>  @author Wayne Gaudin
(   20) !>  @details Takes the half step field data used in the predictor and reverts
(   21) !>  it to the start of step data, ready for the corrector.
(   22) !>  Note that this does not seem necessary in this proxy-app but should be
(   23) !>  left in to remain relevant to the full method.
(   24) 
(   25) MODULE revert_kernel_module
(   26) 
(   27) CONTAINS
(   28) 
(   29) SUBROUTINE revert_kernel(x_min,x_max,y_min,y_max,z_min,z_max,density0,density1,energy0,energy1)
(   30) 
(   31)   IMPLICIT NONE
(   32) 
(   33)   INTEGER :: x_min,x_max,y_min,y_max,z_min,z_max
(   34)   REAL(KIND=8), DIMENSION(x_min-2:x_max+2,y_min-2:y_max+2,z_min-2:z_max+2)    :: density0
(   35)   REAL(KIND=8), DIMENSION(x_min-2:x_max+2,y_min-2:y_max+2,z_min-2:z_max+2)    :: density1
(   36)   REAL(KIND=8), DIMENSION(x_min-2:x_max+2,y_min-2:y_max+2,z_min-2:z_max+2)    :: energy0
(   37)   REAL(KIND=8), DIMENSION(x_min-2:x_max+2,y_min-2:y_max+2,z_min-2:z_max+2)    :: energy1
(   38) 
(   39)   INTEGER :: j,k,l
(   40) 
(   41) !$OMP PARALLEL
(   42) 
(   43) !$OMP DO
(   44)   DO l=z_min,z_max
(   45)     DO k=y_min,y_max
(   46)       DO j=x_min,x_max
(   47)         density1(j,k,l)=density0(j,k,l)
(   48)       ENDDO
(   49)     ENDDO
(   50)   ENDDO






PGF90 (Version     13.5)          07/18/2014  14:45:30      page 2

(   51) !$OMP END DO
(   52) 
(   53) !$OMP DO
(   54)   DO l=z_min,z_max
(   55)     DO k=y_min,y_max
(   56)       DO j=x_min,x_max
(   57)         energy1(j,k,l)=energy0(j,k,l)
(   58)       ENDDO
(   59)     ENDDO
(   60)   ENDDO
(   61) !$OMP END DO
(   62) 
(   63) !$OMP END PARALLEL
(   64) 
(   65) END SUBROUTINE revert_kernel
(   66) 
(   67) END MODULE revert_kernel_module
